#
# There is insufficient memory for the Java Runtime Environment to continue.
# Native memory allocation (malloc) failed to allocate 1048576 bytes for AllocateHeap
# Possible reasons:
#   The system is out of physical RAM or swap space
#   In 32 bit mode, the process size limit was hit
# Possible solutions:
#   Reduce memory load on the system
#   Increase physical memory or swap space
#   Check if swap backing store is full
#   Use 64 bit Java on a 64 bit OS
#   Decrease Java heap size (-Xmx/-Xms)
#   Decrease number of Java threads
#   Decrease Java thread stack sizes (-Xss)
#   Set larger code cache with -XX:ReservedCodeCacheSize=
# This output file may be truncated or incomplete.
#
#  Out of Memory Error (memory/allocation.inline.hpp:61), pid=8484, tid=4588
#
# JRE version:  (8.0_65-b17) (build )
# Java VM: Java HotSpot(TM) 64-Bit Server VM (25.65-b01 mixed mode windows-amd64 compressed oops)
# Failed to write core dump. Minidumps are not enabled by default on client versions of Windows
#

---------------  T H R E A D  ---------------

Current thread (0x000000000291d800):  JavaThread "Unknown thread" [_thread_in_vm, id=4588, stack(0x00000000027a0000,0x00000000028a0000)]

Stack: [0x00000000027a0000,0x00000000028a0000]
[error occurred during error reporting (printing stack bounds), id 0xc0000005]

Native frames: (J=compiled Java code, j=interpreted, Vv=VM code, C=native code)


---------------  P R O C E S S  ---------------

Java Threads: ( => current thread )

Other Threads:

=>0x000000000291d800 (exited) JavaThread "Unknown thread" [_thread_in_vm, id=4588, stack(0x00000000027a0000,0x00000000028a0000)]

VM state:not at safepoint (normal execution)

VM Mutex/Monitor currently owned by a thread: None

Heap:
 PSYoungGen      total 28672K, used 491K [0x00000000eab00000, 0x00000000ecb00000, 0x0000000100000000)
  eden space 24576K, 2% used [0x00000000eab00000,0x00000000eab7ae20,0x00000000ec300000)
  from space 4096K, 0% used [0x00000000ec700000,0x00000000ec700000,0x00000000ecb00000)
  to   space 4096K, 0% used [0x00000000ec300000,0x00000000ec300000,0x00000000ec700000)
 ParOldGen       total 65536K, used 0K [0x00000000c0000000, 0x00000000c4000000, 0x00000000eab00000)
  object space 65536K, 0% used [0x00000000c0000000,0x00000000c0000000,0x00000000c4000000)
 Metaspace       used 767K, capacity 4480K, committed 4480K, reserved 1056768K
  class space    used 75K, capacity 384K, committed 384K, reserved 1048576K

Card table byte_map: [0x0000000011de0000,0x0000000011ff0000] byte_map_base: 0x00000000117e0000

Marking Bits: (ParMarkBitMap*) 0x0000000061eea5b0
 Begin Bits: [0x0000000012550000, 0x0000000013550000)
 End Bits:   [0x0000000013550000, 0x0000000014550000)

Polling page: 0x0000000002750000

CodeCache: size=245760Kb used=328Kb max_used=328Kb free=245431Kb
 bounds [0x0000000002a20000, 0x0000000002c90000, 0x0000000011a20000]
 total_blobs=57 nmethods=0 adapters=37
 compilation: enabled

Compilation events (0 events):
No events

GC Heap History (0 events):
No events

Deoptimization events (0 events):
No events

Internal exceptions (0 events):
No events

Events (10 events):
Event: 0.025 loading class java/lang/Short
Event: 0.025 loading class java/lang/Short done
Event: 0.025 loading class java/lang/Integer
Event: 0.025 loading class java/lang/Integer done
Event: 0.025 loading class java/lang/Long
Event: 0.025 loading class java/lang/Long done
Event: 0.026 loading class java/lang/NullPointerException
Event: 0.026 loading class java/lang/NullPointerException done
Event: 0.026 loading class java/lang/ArithmeticException
Event: 0.026 loading class java/lang/ArithmeticException done


Dynamic libraries:
0x00007ff77ace0000 - 0x00007ff77ad17000 	C:\Program Files\Java\jdk1.8.0_65\bin\java.exe
0x00007fff391c0000 - 0x00007fff39381000 	C:\Windows\SYSTEM32\ntdll.dll
0x00007fff385c0000 - 0x00007fff3866d000 	C:\Windows\system32\KERNEL32.DLL
0x00007fff363e0000 - 0x00007fff365bd000 	C:\Windows\system32\KERNELBASE.dll
0x00007fff39110000 - 0x00007fff391b6000 	C:\Windows\system32\ADVAPI32.dll
0x00007fff38ee0000 - 0x00007fff38f7d000 	C:\Windows\system32\msvcrt.dll
0x00007fff386e0000 - 0x00007fff3873b000 	C:\Windows\system32\sechost.dll
0x00007fff38240000 - 0x00007fff38366000 	C:\Windows\system32\RPCRT4.dll
0x00007fff38470000 - 0x00007fff385be000 	C:\Windows\system32\USER32.dll
0x00007fff38f80000 - 0x00007fff39106000 	C:\Windows\system32\GDI32.dll
0x00007fff298f0000 - 0x00007fff29b64000 	C:\Windows\WinSxS\amd64_microsoft.windows.common-controls_6595b64144ccf1df_6.0.10240.16384_none_f41f7b285750ef43\COMCTL32.dll
0x00007fff38b30000 - 0x00007fff38b66000 	C:\Windows\system32\IMM32.DLL
0x00007fff380d0000 - 0x00007fff3822c000 	C:\Windows\system32\MSCTF.dll
0x0000000061260000 - 0x0000000061332000 	C:\Program Files\Java\jdk1.8.0_65\jre\bin\msvcr100.dll
0x00000000616e0000 - 0x0000000061f69000 	C:\Program Files\Java\jdk1.8.0_65\jre\bin\server\jvm.dll
0x00007fff38ed0000 - 0x00007fff38ed8000 	C:\Windows\system32\PSAPI.DLL
0x00007fff2e310000 - 0x00007fff2e319000 	C:\Windows\SYSTEM32\WSOCK32.dll
0x00007fff38670000 - 0x00007fff386d9000 	C:\Windows\system32\WS2_32.dll
0x00007fff38370000 - 0x00007fff38378000 	C:\Windows\system32\NSI.dll
0x00007fff34270000 - 0x00007fff34293000 	C:\Windows\SYSTEM32\WINMM.dll
0x00007fff32fa0000 - 0x00007fff32faa000 	C:\Windows\SYSTEM32\VERSION.dll
0x00007fff34210000 - 0x00007fff3423c000 	C:\Windows\SYSTEM32\WINMMBASE.dll
0x00007fff36670000 - 0x00007fff366b4000 	C:\Windows\system32\cfgmgr32.dll
0x00007fff34560000 - 0x00007fff34587000 	C:\Windows\SYSTEM32\DEVOBJ.dll
0x00000000616d0000 - 0x00000000616df000 	C:\Program Files\Java\jdk1.8.0_65\jre\bin\verify.dll
0x00000000616a0000 - 0x00000000616c9000 	C:\Program Files\Java\jdk1.8.0_65\jre\bin\java.dll
0x0000000061680000 - 0x0000000061696000 	C:\Program Files\Java\jdk1.8.0_65\jre\bin\zip.dll

VM Arguments:
jvm_args: -Xmx1024M -Dfile.encoding=windows-1252 -Duser.country=ES -Duser.language=es -Duser.variant 
java_command: com.android.dx.command.Main --dex --num-threads=4 --output C:\Users\alber\Documents\GitHub\FinAppsParty_ZaragozaApps\ZaragozaApps\app\build\intermediates\dex\debug C:\Users\alber\Documents\GitHub\FinAppsParty_ZaragozaApps\ZaragozaApps\app\build\intermediates\classes\debug C:\Users\alber\Documents\GitHub\FinAppsParty_ZaragozaApps\ZaragozaApps\app\build\intermediates\pre-dexed\debug\support-annotations-23.0.1-2b1fb5eafbf2c4a1a9eb1808cc18bd60a38beeae.jar C:\Users\alber\Documents\GitHub\FinAppsParty_ZaragozaApps\ZaragozaApps\app\build\intermediates\pre-dexed\debug\internal_impl-23.0.1-e0acf573f365e820b77e672ed55ac2ddec39a34d.jar C:\Users\alber\Documents\GitHub\FinAppsParty_ZaragozaApps\ZaragozaApps\app\build\intermediates\pre-dexed\debug\classes-b4a96097f443e46ab286c742402bbd462fc86bd0.jar C:\Users\alber\Documents\GitHub\FinAppsParty_ZaragozaApps\ZaragozaApps\app\build\intermediates\pre-dexed\debug\classes-5b411148b8c45c36e097c9f2f54010910816da3d.jar
java_class_path (initial): C:\Users\alber\AppData\Local\Android\sdk\build-tools\23.0.1\lib\dx.jar
Launcher Type: SUN_STANDARD

Environment Variables:
PATH=C:\ProgramData\Oracle\Java\javapath;C:\Windows\system32;C:\Windows;C:\Windows\System32\Wbem;C:\Windows\System32\WindowsPowerShell\v1.0\;C:\Program Files (x86)\ATI Technologies\ATI.ACE\Core-Static;C:\Program Files (x86)\Calibre2\;C:\Program Files\nodejs\;C:\Program Files\Git\bin;C:\Program Files\Grandle\gradle-2.7\bin;C:\Program Files (x86)\Skype\Phone\;C:\Program Files\cURL\bin;C:\Program Files\cURL\bin;C:\Users\alber\AppData\Roaming\npm
USERNAME=alber
OS=Windows_NT
PROCESSOR_IDENTIFIER=Intel64 Family 6 Model 42 Stepping 7, GenuineIntel



---------------  S Y S T E M  ---------------

OS: Windows 10.0 , 64 bit Build 10240 (10.0.10240.16384)

CPU:total 4 (2 cores per cpu, 2 threads per core) family 6 model 42 stepping 7, cmov, cx8, fxsr, mmx, sse, sse2, sse3, ssse3, sse4.1, sse4.2, popcnt, avx, aes, clmul, ht, tsc, tscinvbit

Memory: 4k page, physical 6185324k(412444k free), swap 7233900k(5460k free)

vm_info: Java HotSpot(TM) 64-Bit Server VM (25.65-b01) for windows-amd64 JRE (1.8.0_65-b17), built on Oct  6 2015 16:39:20 by "java_re" with MS VC++ 10.0 (VS2010)

time: Sat Nov 07 10:42:45 2015
elapsed time: 0 seconds (0d 0h 0m 0s)

